#
# There is insufficient memory for the Java Runtime Environment to continue.
# Native memory allocation (malloc) failed to allocate 146656 bytes for Chunk::new
# Possible reasons:
#   The system is out of physical RAM or swap space
#   The process is running with CompressedOops enabled, and the Java Heap may be blocking the growth of the native heap
# Possible solutions:
#   Reduce memory load on the system
#   Increase physical memory or swap space
#   Check if swap backing store is full
#   Decrease Java heap size (-Xmx/-Xms)
#   Decrease number of Java threads
#   Decrease Java thread stack sizes (-Xss)
#   Set larger code cache with -XX:ReservedCodeCacheSize=
#   JVM is running with Unscaled Compressed Oops mode in which the Java heap is
#     placed in the first 4GB address space. The Java Heap base address is the
#     maximum limit for the native heap growth. Please use -XX:HeapBaseMinAddress
#     to set the Java Heap base and to place the Java Heap above 4GB virtual address.
# This output file may be truncated or incomplete.
#
#  Out of Memory Error (arena.cpp:189), pid=5828, tid=5228
#
# JRE version: OpenJDK Runtime Environment Temurin-17.0.4.1+1 (17.0.4.1+1) (build 17.0.4.1+1)
# Java VM: OpenJDK 64-Bit Server VM Temurin-17.0.4.1+1 (17.0.4.1+1, mixed mode, tiered, compressed oops, compressed class ptrs, g1 gc, windows-amd64)
# No core dump will be written. Minidumps are not enabled by default on client versions of Windows
#

---------------  S U M M A R Y ------------

Command Line: -Dfile.encoding=UTF-8 -XX:+ShowCodeDetailsInExceptionMessages lastPractice.SliderPractice

Host: Intel(R) Core(TM) i5-4200U CPU @ 1.60GHz, 4 cores, 5G,  Windows 10 , 64 bit Build 19041 (10.0.19041.4842)
Time: Tue Sep 17 15:59:00 2024 India Standard Time elapsed time: 0.468461 seconds (0d 0h 0m 0s)

---------------  T H R E A D  ---------------

Current thread (0x000002064d6a07e0):  JavaThread "C2 CompilerThread0" daemon [_thread_in_native, id=5228, stack(0x000000d566100000,0x000000d566200000)]


Current CompileTask:
C2:    468  382       4       java.util.zip.ZipCoder$UTF8ZipCoder::checkedHash (91 bytes)

Stack: [0x000000d566100000,0x000000d566200000]
Native frames: (J=compiled Java code, j=interpreted, Vv=VM code, C=native code)
V  [jvm.dll+0x67731a]
V  [jvm.dll+0x832284]
V  [jvm.dll+0x833a2e]
V  [jvm.dll+0x834093]
V  [jvm.dll+0x245775]
V  [jvm.dll+0xabd7b]
V  [jvm.dll+0xac30c]
V  [jvm.dll+0x2ac80f]
V  [jvm.dll+0x57dd77]
V  [jvm.dll+0x220892]
V  [jvm.dll+0x220c6f]
V  [jvm.dll+0x21a4d5]
V  [jvm.dll+0x21799b]
V  [jvm.dll+0x1a3f8d]
V  [jvm.dll+0x227498]
V  [jvm.dll+0x2255e5]
V  [jvm.dll+0x7e7e9b]
V  [jvm.dll+0x7e240a]
V  [jvm.dll+0x6761a5]
C  [ucrtbase.dll+0x21bb2]
C  [KERNEL32.DLL+0x17374]
C  [ntdll.dll+0x4cc91]


---------------  P R O C E S S  ---------------

Threads class SMR info:
_java_thread_list=0x000002064e143340, length=12, elements={
0x000002063528c600, 0x000002064d63dbf0, 0x000002064d641120, 0x000002064d661770,
0x000002064d662130, 0x000002064d663190, 0x000002064d69bf50, 0x000002064d6a07e0,
0x000002064d6a3890, 0x000002064e009c50, 0x000002064e16afc0, 0x000002064e17eb70
}

Java Threads: ( => current thread )
  0x000002063528c600 JavaThread "main" [_thread_in_vm, id=12268, stack(0x000000d565400000,0x000000d565500000)]
  0x000002064d63dbf0 JavaThread "Reference Handler" daemon [_thread_blocked, id=12252, stack(0x000000d565b00000,0x000000d565c00000)]
  0x000002064d641120 JavaThread "Finalizer" daemon [_thread_blocked, id=12248, stack(0x000000d565c00000,0x000000d565d00000)]
  0x000002064d661770 JavaThread "Signal Dispatcher" daemon [_thread_blocked, id=11280, stack(0x000000d565d00000,0x000000d565e00000)]
  0x000002064d662130 JavaThread "Attach Listener" daemon [_thread_blocked, id=8532, stack(0x000000d565e00000,0x000000d565f00000)]
  0x000002064d663190 JavaThread "Service Thread" daemon [_thread_blocked, id=10340, stack(0x000000d565f00000,0x000000d566000000)]
  0x000002064d69bf50 JavaThread "Monitor Deflation Thread" daemon [_thread_blocked, id=7208, stack(0x000000d566000000,0x000000d566100000)]
=>0x000002064d6a07e0 JavaThread "C2 CompilerThread0" daemon [_thread_in_native, id=5228, stack(0x000000d566100000,0x000000d566200000)]
  0x000002064d6a3890 JavaThread "C1 CompilerThread0" daemon [_thread_in_native, id=6360, stack(0x000000d566200000,0x000000d566300000)]
  0x000002064e009c50 JavaThread "Sweeper thread" daemon [_thread_blocked, id=11632, stack(0x000000d566300000,0x000000d566400000)]
  0x000002064e16afc0 JavaThread "Notification Thread" daemon [_thread_blocked, id=3144, stack(0x000000d566400000,0x000000d566500000)]
  0x000002064e17eb70 JavaThread "Common-Cleaner" daemon [_thread_blocked, id=3852, stack(0x000000d566600000,0x000000d566700000)]

Other Threads:
  0x000002064d638360 VMThread "VM Thread" [stack: 0x000000d565a00000,0x000000d565b00000] [id=12244]
  0x00000206352ebff0 WatcherThread [stack: 0x000000d566500000,0x000000d566600000] [id=10016]
  0x00000206352d56a0 GCTaskThread "GC Thread#0" [stack: 0x000000d565500000,0x000000d565600000] [id=9524]
  0x00000206352e4970 ConcurrentGCThread "G1 Main Marker" [stack: 0x000000d565600000,0x000000d565700000] [id=6428]
  0x00000206352e5290 ConcurrentGCThread "G1 Conc#0" [stack: 0x000000d565700000,0x000000d565800000] [id=7800]
  0x000002063534b050 ConcurrentGCThread "G1 Refine#0" [stack: 0x000000d565800000,0x000000d565900000] [id=6128]
  0x000002063534b980 ConcurrentGCThread "G1 Service" [stack: 0x000000d565900000,0x000000d565a00000] [id=12264]

Threads with active compile tasks:
C2 CompilerThread0      689  382       4       java.util.zip.ZipCoder$UTF8ZipCoder::checkedHash (91 bytes)
C1 CompilerThread0      690  388       3       sun.nio.fs.WindowsPathParser::normalize (233 bytes)

VM state: not at safepoint (normal execution)

VM Mutex/Monitor currently owned by a thread: None

OutOfMemory and StackOverflow Exception counts:
OutOfMemoryError java_heap_errors=1

Heap address: 0x00000000a1a00000, size: 1510 MB, Compressed Oops mode: 32-bit

CDS archive(s) not mapped
Compressed class space mapped at: 0x0000000100000000-0x0000000140000000, reserved size: 1073741824
Narrow klass base: 0x0000000000000000, Narrow klass shift: 3, Narrow klass range: 0x140000000

GC Precious Log:
 CPUs: 4 total, 4 available
 Memory: 6032M
 Large Page Support: Disabled
 NUMA Support: Disabled
 Compressed Oops: Enabled (32-bit)
 Heap Region Size: 1M
 Heap Min Capacity: 8M
 Heap Initial Capacity: 96M
 Heap Max Capacity: 1510M
 Pre-touch: Disabled
 Parallel Workers: 4
 Concurrent Workers: 1
 Concurrent Refinement Workers: 4
 Periodic GC: Disabled

Heap:
 garbage-first heap   total 98304K, used 12288K [0x00000000a1a00000, 0x0000000100000000)
  region size 1024K, 10 young (10240K), 0 survivors (0K)
 Metaspace       used 6992K, committed 7168K, reserved 1056768K
  class space    used 596K, committed 704K, reserved 1048576K

Heap Regions: E=young(eden), S=young(survivor), O=old, HS=humongous(starts), HC=humongous(continues), CS=collection set, F=free, OA=open archive, CA=closed archive, TAMS=top-at-mark-start (previous, next)
|   0|0x00000000a1a00000, 0x00000000a1b00000, 0x00000000a1b00000|100%|HS|  |TAMS 0x00000000a1a00000, 0x00000000a1a00000| Complete 
|   1|0x00000000a1b00000, 0x00000000a1c00000, 0x00000000a1c00000|100%|HS|  |TAMS 0x00000000a1b00000, 0x00000000a1b00000| Complete 
|   2|0x00000000a1c00000, 0x00000000a1d00000, 0x00000000a1d00000|100%|HC|  |TAMS 0x00000000a1c00000, 0x00000000a1c00000| Complete 
|   3|0x00000000a1d00000, 0x00000000a1e00000, 0x00000000a1e00000|100%|HC|  |TAMS 0x00000000a1d00000, 0x00000000a1d00000| Complete 
|   4|0x00000000a1e00000, 0x00000000a1e00000, 0x00000000a1f00000|  0%| F|  |TAMS 0x00000000a1e00000, 0x00000000a1e00000| Untracked 
|   5|0x00000000a1f00000, 0x00000000a1f00000, 0x00000000a2000000|  0%| F|  |TAMS 0x00000000a1f00000, 0x00000000a1f00000| Untracked 
|   6|0x00000000a2000000, 0x00000000a2000000, 0x00000000a2100000|  0%| F|  |TAMS 0x00000000a2000000, 0x00000000a2000000| Untracked 
|   7|0x00000000a2100000, 0x00000000a2100000, 0x00000000a2200000|  0%| F|  |TAMS 0x00000000a2100000, 0x00000000a2100000| Untracked 
|   8|0x00000000a2200000, 0x00000000a2200000, 0x00000000a2300000|  0%| F|  |TAMS 0x00000000a2200000, 0x00000000a2200000| Untracked 
|   9|0x00000000a2300000, 0x00000000a2300000, 0x00000000a2400000|  0%| F|  |TAMS 0x00000000a2300000, 0x00000000a2300000| Untracked 
|  10|0x00000000a2400000, 0x00000000a2400000, 0x00000000a2500000|  0%| F|  |TAMS 0x00000000a2400000, 0x00000000a2400000| Untracked 
|  11|0x00000000a2500000, 0x00000000a2500000, 0x00000000a2600000|  0%| F|  |TAMS 0x00000000a2500000, 0x00000000a2500000| Untracked 
|  12|0x00000000a2600000, 0x00000000a2600000, 0x00000000a2700000|  0%| F|  |TAMS 0x00000000a2600000, 0x00000000a2600000| Untracked 
|  13|0x00000000a2700000, 0x00000000a2700000, 0x00000000a2800000|  0%| F|  |TAMS 0x00000000a2700000, 0x00000000a2700000| Untracked 
|  14|0x00000000a2800000, 0x00000000a2800000, 0x00000000a2900000|  0%| F|  |TAMS 0x00000000a2800000, 0x00000000a2800000| Untracked 
|  15|0x00000000a2900000, 0x00000000a2900000, 0x00000000a2a00000|  0%| F|  |TAMS 0x00000000a2900000, 0x00000000a2900000| Untracked 
|  16|0x00000000a2a00000, 0x00000000a2a00000, 0x00000000a2b00000|  0%| F|  |TAMS 0x00000000a2a00000, 0x00000000a2a00000| Untracked 
|  17|0x00000000a2b00000, 0x00000000a2b00000, 0x00000000a2c00000|  0%| F|  |TAMS 0x00000000a2b00000, 0x00000000a2b00000| Untracked 
|  18|0x00000000a2c00000, 0x00000000a2c00000, 0x00000000a2d00000|  0%| F|  |TAMS 0x00000000a2c00000, 0x00000000a2c00000| Untracked 
|  19|0x00000000a2d00000, 0x00000000a2d00000, 0x00000000a2e00000|  0%| F|  |TAMS 0x00000000a2d00000, 0x00000000a2d00000| Untracked 
|  20|0x00000000a2e00000, 0x00000000a2e00000, 0x00000000a2f00000|  0%| F|  |TAMS 0x00000000a2e00000, 0x00000000a2e00000| Untracked 
|  21|0x00000000a2f00000, 0x00000000a2f00000, 0x00000000a3000000|  0%| F|  |TAMS 0x00000000a2f00000, 0x00000000a2f00000| Untracked 
|  22|0x00000000a3000000, 0x00000000a3000000, 0x00000000a3100000|  0%| F|  |TAMS 0x00000000a3000000, 0x00000000a3000000| Untracked 
|  23|0x00000000a3100000, 0x00000000a3100000, 0x00000000a3200000|  0%| F|  |TAMS 0x00000000a3100000, 0x00000000a3100000| Untracked 
|  24|0x00000000a3200000, 0x00000000a3200000, 0x00000000a3300000|  0%| F|  |TAMS 0x00000000a3200000, 0x00000000a3200000| Untracked 
|  25|0x00000000a3300000, 0x00000000a3300000, 0x00000000a3400000|  0%| F|  |TAMS 0x00000000a3300000, 0x00000000a3300000| Untracked 
|  26|0x00000000a3400000, 0x00000000a3400000, 0x00000000a3500000|  0%| F|  |TAMS 0x00000000a3400000, 0x00000000a3400000| Untracked 
|  27|0x00000000a3500000, 0x00000000a3500000, 0x00000000a3600000|  0%| F|  |TAMS 0x00000000a3500000, 0x00000000a3500000| Untracked 
|  28|0x00000000a3600000, 0x00000000a3600000, 0x00000000a3700000|  0%| F|  |TAMS 0x00000000a3600000, 0x00000000a3600000| Untracked 
|  29|0x00000000a3700000, 0x00000000a3700000, 0x00000000a3800000|  0%| F|  |TAMS 0x00000000a3700000, 0x00000000a3700000| Untracked 
|  30|0x00000000a3800000, 0x00000000a3800000, 0x00000000a3900000|  0%| F|  |TAMS 0x00000000a3800000, 0x00000000a3800000| Untracked 
|  31|0x00000000a3900000, 0x00000000a3900000, 0x00000000a3a00000|  0%| F|  |TAMS 0x00000000a3900000, 0x00000000a3900000| Untracked 
|  32|0x00000000a3a00000, 0x00000000a3a00000, 0x00000000a3b00000|  0%| F|  |TAMS 0x00000000a3a00000, 0x00000000a3a00000| Untracked 
|  33|0x00000000a3b00000, 0x00000000a3b00000, 0x00000000a3c00000|  0%| F|  |TAMS 0x00000000a3b00000, 0x00000000a3b00000| Untracked 
|  34|0x00000000a3c00000, 0x00000000a3c00000, 0x00000000a3d00000|  0%| F|  |TAMS 0x00000000a3c00000, 0x00000000a3c00000| Untracked 
|  35|0x00000000a3d00000, 0x00000000a3d00000, 0x00000000a3e00000|  0%| F|  |TAMS 0x00000000a3d00000, 0x00000000a3d00000| Untracked 
|  36|0x00000000a3e00000, 0x00000000a3e00000, 0x00000000a3f00000|  0%| F|  |TAMS 0x00000000a3e00000, 0x00000000a3e00000| Untracked 
|  37|0x00000000a3f00000, 0x00000000a3f00000, 0x00000000a4000000|  0%| F|  |TAMS 0x00000000a3f00000, 0x00000000a3f00000| Untracked 
|  38|0x00000000a4000000, 0x00000000a4000000, 0x00000000a4100000|  0%| F|  |TAMS 0x00000000a4000000, 0x00000000a4000000| Untracked 
|  39|0x00000000a4100000, 0x00000000a4100000, 0x00000000a4200000|  0%| F|  |TAMS 0x00000000a4100000, 0x00000000a4100000| Untracked 
|  40|0x00000000a4200000, 0x00000000a4200000, 0x00000000a4300000|  0%| F|  |TAMS 0x00000000a4200000, 0x00000000a4200000| Untracked 
|  41|0x00000000a4300000, 0x00000000a4300000, 0x00000000a4400000|  0%| F|  |TAMS 0x00000000a4300000, 0x00000000a4300000| Untracked 
|  42|0x00000000a4400000, 0x00000000a4400000, 0x00000000a4500000|  0%| F|  |TAMS 0x00000000a4400000, 0x00000000a4400000| Untracked 
|  43|0x00000000a4500000, 0x00000000a4500000, 0x00000000a4600000|  0%| F|  |TAMS 0x00000000a4500000, 0x00000000a4500000| Untracked 
|  44|0x00000000a4600000, 0x00000000a4600000, 0x00000000a4700000|  0%| F|  |TAMS 0x00000000a4600000, 0x00000000a4600000| Untracked 
|  45|0x00000000a4700000, 0x00000000a4700000, 0x00000000a4800000|  0%| F|  |TAMS 0x00000000a4700000, 0x00000000a4700000| Untracked 
|  46|0x00000000a4800000, 0x00000000a4800000, 0x00000000a4900000|  0%| F|  |TAMS 0x00000000a4800000, 0x00000000a4800000| Untracked 
|  47|0x00000000a4900000, 0x00000000a4900000, 0x00000000a4a00000|  0%| F|  |TAMS 0x00000000a4900000, 0x00000000a4900000| Untracked 
|  48|0x00000000a4a00000, 0x00000000a4a00000, 0x00000000a4b00000|  0%| F|  |TAMS 0x00000000a4a00000, 0x00000000a4a00000| Untracked 
|  49|0x00000000a4b00000, 0x00000000a4b00000, 0x00000000a4c00000|  0%| F|  |TAMS 0x00000000a4b00000, 0x00000000a4b00000| Untracked 
|  50|0x00000000a4c00000, 0x00000000a4c00000, 0x00000000a4d00000|  0%| F|  |TAMS 0x00000000a4c00000, 0x00000000a4c00000| Untracked 
|  51|0x00000000a4d00000, 0x00000000a4d00000, 0x00000000a4e00000|  0%| F|  |TAMS 0x00000000a4d00000, 0x00000000a4d00000| Untracked 
|  52|0x00000000a4e00000, 0x00000000a4e00000, 0x00000000a4f00000|  0%| F|  |TAMS 0x00000000a4e00000, 0x00000000a4e00000| Untracked 
|  53|0x00000000a4f00000, 0x00000000a4f00000, 0x00000000a5000000|  0%| F|  |TAMS 0x00000000a4f00000, 0x00000000a4f00000| Untracked 
|  54|0x00000000a5000000, 0x00000000a5000000, 0x00000000a5100000|  0%| F|  |TAMS 0x00000000a5000000, 0x00000000a5000000| Untracked 
|  55|0x00000000a5100000, 0x00000000a5100000, 0x00000000a5200000|  0%| F|  |TAMS 0x00000000a5100000, 0x00000000a5100000| Untracked 
|  56|0x00000000a5200000, 0x00000000a5200000, 0x00000000a5300000|  0%| F|  |TAMS 0x00000000a5200000, 0x00000000a5200000| Untracked 
|  57|0x00000000a5300000, 0x00000000a5300000, 0x00000000a5400000|  0%| F|  |TAMS 0x00000000a5300000, 0x00000000a5300000| Untracked 
|  58|0x00000000a5400000, 0x00000000a5400000, 0x00000000a5500000|  0%| F|  |TAMS 0x00000000a5400000, 0x00000000a5400000| Untracked 
|  59|0x00000000a5500000, 0x00000000a5500000, 0x00000000a5600000|  0%| F|  |TAMS 0x00000000a5500000, 0x00000000a5500000| Untracked 
|  60|0x00000000a5600000, 0x00000000a5600000, 0x00000000a5700000|  0%| F|  |TAMS 0x00000000a5600000, 0x00000000a5600000| Untracked 
|  61|0x00000000a5700000, 0x00000000a5700000, 0x00000000a5800000|  0%| F|  |TAMS 0x00000000a5700000, 0x00000000a5700000| Untracked 
|  62|0x00000000a5800000, 0x00000000a5800000, 0x00000000a5900000|  0%| F|  |TAMS 0x00000000a5800000, 0x00000000a5800000| Untracked 
|  63|0x00000000a5900000, 0x00000000a5900000, 0x00000000a5a00000|  0%| F|  |TAMS 0x00000000a5900000, 0x00000000a5900000| Untracked 
|  64|0x00000000a5a00000, 0x00000000a5a00000, 0x00000000a5b00000|  0%| F|  |TAMS 0x00000000a5a00000, 0x00000000a5a00000| Untracked 
|  65|0x00000000a5b00000, 0x00000000a5b00000, 0x00000000a5c00000|  0%| F|  |TAMS 0x00000000a5b00000, 0x00000000a5b00000| Untracked 
|  66|0x00000000a5c00000, 0x00000000a5c00000, 0x00000000a5d00000|  0%| F|  |TAMS 0x00000000a5c00000, 0x00000000a5c00000| Untracked 
|  67|0x00000000a5d00000, 0x00000000a5d00000, 0x00000000a5e00000|  0%| F|  |TAMS 0x00000000a5d00000, 0x00000000a5d00000| Untracked 
|  68|0x00000000a5e00000, 0x00000000a5e00000, 0x00000000a5f00000|  0%| F|  |TAMS 0x00000000a5e00000, 0x00000000a5e00000| Untracked 
|  69|0x00000000a5f00000, 0x00000000a5f00000, 0x00000000a6000000|  0%| F|  |TAMS 0x00000000a5f00000, 0x00000000a5f00000| Untracked 
|  70|0x00000000a6000000, 0x00000000a6000000, 0x00000000a6100000|  0%| F|  |TAMS 0x00000000a6000000, 0x00000000a6000000| Untracked 
|  71|0x00000000a6100000, 0x00000000a6100000, 0x00000000a6200000|  0%| F|  |TAMS 0x00000000a6100000, 0x00000000a6100000| Untracked 
|  72|0x00000000a6200000, 0x00000000a6200000, 0x00000000a6300000|  0%| F|  |TAMS 0x00000000a6200000, 0x00000000a6200000| Untracked 
|  73|0x00000000a6300000, 0x00000000a6300000, 0x00000000a6400000|  0%| F|  |TAMS 0x00000000a6300000, 0x00000000a6300000| Untracked 
|  74|0x00000000a6400000, 0x00000000a6400000, 0x00000000a6500000|  0%| F|  |TAMS 0x00000000a6400000, 0x00000000a6400000| Untracked 
|  75|0x00000000a6500000, 0x00000000a6500000, 0x00000000a6600000|  0%| F|  |TAMS 0x00000000a6500000, 0x00000000a6500000| Untracked 
|  76|0x00000000a6600000, 0x00000000a6600000, 0x00000000a6700000|  0%| F|  |TAMS 0x00000000a6600000, 0x00000000a6600000| Untracked 
|  77|0x00000000a6700000, 0x00000000a6700000, 0x00000000a6800000|  0%| F|  |TAMS 0x00000000a6700000, 0x00000000a6700000| Untracked 
|  78|0x00000000a6800000, 0x00000000a6800000, 0x00000000a6900000|  0%| F|  |TAMS 0x00000000a6800000, 0x00000000a6800000| Untracked 
|  79|0x00000000a6900000, 0x00000000a6900000, 0x00000000a6a00000|  0%| F|  |TAMS 0x00000000a6900000, 0x00000000a6900000| Untracked 
|  80|0x00000000a6a00000, 0x00000000a6a00000, 0x00000000a6b00000|  0%| F|  |TAMS 0x00000000a6a00000, 0x00000000a6a00000| Untracked 
|  81|0x00000000a6b00000, 0x00000000a6b00000, 0x00000000a6c00000|  0%| F|  |TAMS 0x00000000a6b00000, 0x00000000a6b00000| Untracked 
|  82|0x00000000a6c00000, 0x00000000a6c00000, 0x00000000a6d00000|  0%| F|  |TAMS 0x00000000a6c00000, 0x00000000a6c00000| Untracked 
|  83|0x00000000a6d00000, 0x00000000a6d00000, 0x00000000a6e00000|  0%| F|  |TAMS 0x00000000a6d00000, 0x00000000a6d00000| Untracked 
|  84|0x00000000a6e00000, 0x00000000a6e00000, 0x00000000a6f00000|  0%| F|  |TAMS 0x00000000a6e00000, 0x00000000a6e00000| Untracked 
|  85|0x00000000a6f00000, 0x00000000a6f00000, 0x00000000a7000000|  0%| F|  |TAMS 0x00000000a6f00000, 0x00000000a6f00000| Untracked 
|  86|0x00000000a7000000, 0x00000000a7100000, 0x00000000a7100000|100%| E|  |TAMS 0x00000000a7000000, 0x00000000a7000000| Complete 
|  87|0x00000000a7100000, 0x00000000a7200000, 0x00000000a7200000|100%| E|  |TAMS 0x00000000a7100000, 0x00000000a7100000| Complete 
|  88|0x00000000a7200000, 0x00000000a7300000, 0x00000000a7300000|100%| E|CS|TAMS 0x00000000a7200000, 0x00000000a7200000| Complete 
|  89|0x00000000a7300000, 0x00000000a7400000, 0x00000000a7400000|100%| E|CS|TAMS 0x00000000a7300000, 0x00000000a7300000| Complete 
|  90|0x00000000a7400000, 0x00000000a7500000, 0x00000000a7500000|100%| E|CS|TAMS 0x00000000a7400000, 0x00000000a7400000| Complete 
|  91|0x00000000a7500000, 0x00000000a7600000, 0x00000000a7600000|100%| E|CS|TAMS 0x00000000a7500000, 0x00000000a7500000| Complete 
|  92|0x00000000a7600000, 0x00000000a7700000, 0x00000000a7700000|100%| E|CS|TAMS 0x00000000a7600000, 0x00000000a7600000| Complete 
|  93|0x00000000a7700000, 0x00000000a7800000, 0x00000000a7800000|100%| E|CS|TAMS 0x00000000a7700000, 0x00000000a7700000| Complete 
|  94|0x00000000a7800000, 0x00000000a7900000, 0x00000000a7900000|100%| E|CS|TAMS 0x00000000a7800000, 0x00000000a7800000| Complete 
|  95|0x00000000a7900000, 0x00000000a7a00000, 0x00000000a7a00000|100%| E|CS|TAMS 0x00000000a7900000, 0x00000000a7900000| Complete 

Card table byte_map: [0x0000020647c40000,0x0000020647f40000] _byte_map_base: 0x0000020647733000

Marking Bits (Prev, Next): (CMBitMap*) 0x00000206352d6bd0, (CMBitMap*) 0x00000206352d6c10
 Prev Bits: [0x0000020648240000, 0x00000206499d8000)
 Next Bits: [0x00000206499e0000, 0x000002064b178000)

Polling page: 0x00000206331b0000

Metaspace:

Usage:
  Non-class:      6.25 MB used.
      Class:    596.85 KB used.
       Both:      6.83 MB used.

Virtual space:
  Non-class space:        8.00 MB reserved,       6.31 MB ( 79%) committed,  1 nodes.
      Class space:        1.00 GB reserved,     704.00 KB ( <1%) committed,  1 nodes.
             Both:        1.01 GB reserved,       7.00 MB ( <1%) committed. 

Chunk freelists:
   Non-Class:  1.00 MB
       Class:  3.25 MB
        Both:  4.25 MB

MaxMetaspaceSize: unlimited
CompressedClassSpaceSize: 1.00 GB
Initial GC threshold: 21.00 MB
Current GC threshold: 21.00 MB
CDS: off
MetaspaceReclaimPolicy: balanced
 - commit_granule_bytes: 65536.
 - commit_granule_words: 8192.
 - virtual_space_node_default_size: 1048576.
 - enlarge_chunks_in_place: 1.
 - new_chunks_are_fully_committed: 0.
 - uncommit_free_chunks: 1.
 - use_allocation_guard: 0.
 - handle_deallocations: 1.


Internal statistics:

num_allocs_failed_limit: 0.
num_arena_births: 8.
num_arena_deaths: 0.
num_vsnodes_births: 2.
num_vsnodes_deaths: 0.
num_space_committed: 112.
num_space_uncommitted: 0.
num_chunks_returned_to_freelist: 0.
num_chunks_taken_from_freelist: 31.
num_chunk_merges: 0.
num_chunk_splits: 11.
num_chunks_enlarged: 8.
num_purges: 0.
num_inconsistent_stats: 0.

CodeHeap 'non-profiled nmethods': size=120000Kb used=109Kb max_used=109Kb free=119890Kb
 bounds [0x0000020640410000, 0x0000020640680000, 0x0000020647940000]
CodeHeap 'profiled nmethods': size=120000Kb used=561Kb max_used=561Kb free=119439Kb
 bounds [0x0000020638ee0000, 0x0000020639150000, 0x0000020640410000]
CodeHeap 'non-nmethods': size=5760Kb used=1100Kb max_used=1115Kb free=4659Kb
 bounds [0x0000020638940000, 0x0000020638bb0000, 0x0000020638ee0000]
 total_blobs=760 nmethods=385 adapters=288
 compilation: enabled
              stopped_count=0, restarted_count=0
 full_count=0

Compilation events (20 events):
Event: 0.443 Thread 0x000002064d6a3890 nmethod 381 0x0000020638f67290 code [0x0000020638f67640, 0x0000020638f692a8]
Event: 0.443 Thread 0x000002064d6a3890  372       3       java.lang.String::isNotContinuation (17 bytes)
Event: 0.443 Thread 0x000002064d6a3890 nmethod 372 0x0000020638f69d90 code [0x0000020638f69f20, 0x0000020638f6a078]
Event: 0.443 Thread 0x000002064d6a3890  373       3       java.lang.String::decode2 (12 bytes)
Event: 0.443 Thread 0x000002064d6a3890 nmethod 373 0x0000020638f6a110 code [0x0000020638f6a2a0, 0x0000020638f6a398]
Event: 0.443 Thread 0x000002064d6a3890  377       3       java.lang.String::isMalformed3 (45 bytes)
Event: 0.443 Thread 0x000002064d6a3890 nmethod 377 0x0000020638f6a410 code [0x0000020638f6a5a0, 0x0000020638f6a7b8]
Event: 0.443 Thread 0x000002064d6a3890  379       3       java.lang.String::decode3 (17 bytes)
Event: 0.443 Thread 0x000002064d6a3890 nmethod 379 0x0000020638f6a890 code [0x0000020638f6aa20, 0x0000020638f6ab38]
Event: 0.443 Thread 0x000002064d6a3890  380       3       java.lang.Character::isSurrogate (18 bytes)
Event: 0.443 Thread 0x000002064d6a3890 nmethod 380 0x0000020638f6ac10 code [0x0000020638f6ada0, 0x0000020638f6af38]
Event: 0.443 Thread 0x000002064d6a3890  366       3       java.lang.System$2::newStringUTF8NoRepl (7 bytes)
Event: 0.444 Thread 0x000002064d6a3890 nmethod 366 0x0000020638f6b010 code [0x0000020638f6b1a0, 0x0000020638f6b2e8]
Event: 0.444 Thread 0x000002064d6a3890  385       3       java.lang.ThreadLocal$ThreadLocalMap::getEntry (42 bytes)
Event: 0.444 Thread 0x000002064d6a3890 nmethod 385 0x0000020638f6b390 code [0x0000020638f6b560, 0x0000020638f6b938]
Event: 0.444 Thread 0x000002064d6a3890  384       3       jdk.internal.misc.Unsafe::getInt (7 bytes)
Event: 0.444 Thread 0x000002064d6a3890 nmethod 384 0x0000020638f6bb10 code [0x0000020638f6bca0, 0x0000020638f6bdb8]
Event: 0.446 Thread 0x000002064d6a3890  387       3       java.lang.ref.WeakReference::<init> (7 bytes)
Event: 0.447 Thread 0x000002064d6a3890 nmethod 387 0x0000020638f6be90 code [0x0000020638f6c040, 0x0000020638f6c318]
Event: 0.447 Thread 0x000002064d6a3890  388       3       sun.nio.fs.WindowsPathParser::normalize (233 bytes)

GC Heap History (0 events):
No events

Deoptimization events (20 events):
Event: 0.434 Thread 0x000002063528c600 Uncommon trap: trap_request=0xffffff45 fr.pc=0x000002064041a094 relative=0x00000000000003d4
Event: 0.434 Thread 0x000002063528c600 Uncommon trap: reason=unstable_if action=reinterpret pc=0x000002064041a094 method=java.util.zip.ZipCoder$UTF8ZipCoder.checkedHash([BII)I @ 27 c2
Event: 0.434 Thread 0x000002063528c600 DEOPT PACKING pc=0x000002064041a094 sp=0x000000d5654fcab0
Event: 0.434 Thread 0x000002063528c600 DEOPT UNPACKING pc=0x00000206389923a3 sp=0x000000d5654fc998 mode 2
Event: 0.434 Thread 0x000002063528c600 Uncommon trap: trap_request=0xffffff45 fr.pc=0x0000020640428c74 relative=0x0000000000000174
Event: 0.434 Thread 0x000002063528c600 Uncommon trap: reason=unstable_if action=reinterpret pc=0x0000020640428c74 method=java.lang.StringCoding.hasNegatives([BII)Z @ 12 c2
Event: 0.434 Thread 0x000002063528c600 DEOPT PACKING pc=0x0000020640428c74 sp=0x000000d5654fc860
Event: 0.434 Thread 0x000002063528c600 DEOPT UNPACKING pc=0x00000206389923a3 sp=0x000000d5654fc808 mode 2
Event: 0.434 Thread 0x000002063528c600 Uncommon trap: trap_request=0xffffff45 fr.pc=0x00000206404183bc relative=0x00000000000001bc
Event: 0.434 Thread 0x000002063528c600 Uncommon trap: reason=unstable_if action=reinterpret pc=0x00000206404183bc method=java.lang.String.hashCode()I @ 20 c2
Event: 0.434 Thread 0x000002063528c600 DEOPT PACKING pc=0x00000206404183bc sp=0x000000d5654fc8d0
Event: 0.434 Thread 0x000002063528c600 DEOPT UNPACKING pc=0x00000206389923a3 sp=0x000000d5654fc860 mode 2
Event: 0.434 Thread 0x000002063528c600 Uncommon trap: trap_request=0xffffff45 fr.pc=0x0000020640415628 relative=0x0000000000000208
Event: 0.434 Thread 0x000002063528c600 Uncommon trap: reason=unstable_if action=reinterpret pc=0x0000020640415628 method=java.util.zip.ZipCoder$UTF8ZipCoder.checkedHash([BII)I @ 27 c2
Event: 0.434 Thread 0x000002063528c600 DEOPT PACKING pc=0x0000020640415628 sp=0x000000d5654fca00
Event: 0.434 Thread 0x000002063528c600 DEOPT UNPACKING pc=0x00000206389923a3 sp=0x000000d5654fc998 mode 2
Event: 0.435 Thread 0x000002063528c600 Uncommon trap: trap_request=0xffffff45 fr.pc=0x00000206404284d8 relative=0x00000000000001b8
Event: 0.435 Thread 0x000002063528c600 Uncommon trap: reason=unstable_if action=reinterpret pc=0x00000206404284d8 method=java.lang.StringCoding.hasNegatives([BII)Z @ 12 c2
Event: 0.435 Thread 0x000002063528c600 DEOPT PACKING pc=0x00000206404284d8 sp=0x000000d5654fc850
Event: 0.435 Thread 0x000002063528c600 DEOPT UNPACKING pc=0x00000206389923a3 sp=0x000000d5654fc818 mode 2

Classes unloaded (0 events):
No events

Classes redefined (0 events):
No events

Internal exceptions (0 events):
No events

VM Operations (2 events):
Event: 0.243 Executing VM operation: HandshakeAllThreads
Event: 0.243 Executing VM operation: HandshakeAllThreads done

Events (20 events):
Event: 0.356 loading class java/lang/CompoundEnumeration
Event: 0.356 loading class java/lang/CompoundEnumeration done
Event: 0.357 loading class jdk/internal/loader/URLClassPath$1
Event: 0.357 loading class jdk/internal/loader/URLClassPath$1 done
Event: 0.411 loading class java/io/BufferedReader
Event: 0.411 loading class java/io/Reader
Event: 0.411 loading class java/io/Reader done
Event: 0.411 loading class java/io/BufferedReader done
Event: 0.411 loading class java/io/InputStreamReader
Event: 0.411 loading class java/io/InputStreamReader done
Event: 0.412 loading class sun/nio/cs/StreamDecoder
Event: 0.412 loading class sun/nio/cs/StreamDecoder done
Event: 0.412 loading class java/util/Vector
Event: 0.412 loading class java/util/Vector done
Event: 0.413 loading class java/util/LinkedList
Event: 0.413 loading class java/util/AbstractSequentialList
Event: 0.413 loading class java/util/AbstractSequentialList done
Event: 0.413 loading class java/util/LinkedList done
Event: 0.413 loading class java/util/LinkedList$Node
Event: 0.413 loading class java/util/LinkedList$Node done


Dynamic libraries:
0x00007ff751cd0000 - 0x00007ff751cde000 	C:\testing course\softwares\eclipse-java-2022-09-R-win32-x86_64\eclipse\plugins\org.eclipse.justj.openjdk.hotspot.jre.full.win32.x86_64_17.0.4.v20220903-1038\jre\bin\javaw.exe
0x00007ffeaadf0000 - 0x00007ffeaafe8000 	C:\Windows\SYSTEM32\ntdll.dll
0x00007ffeaace0000 - 0x00007ffeaada1000 	C:\Windows\System32\KERNEL32.DLL
0x00007ffea8b20000 - 0x00007ffea8e1d000 	C:\Windows\System32\KERNELBASE.dll
0x00007ffea87d0000 - 0x00007ffea88d0000 	C:\Windows\System32\ucrtbase.dll
0x00007ffe93810000 - 0x00007ffe93828000 	C:\testing course\softwares\eclipse-java-2022-09-R-win32-x86_64\eclipse\plugins\org.eclipse.justj.openjdk.hotspot.jre.full.win32.x86_64_17.0.4.v20220903-1038\jre\bin\jli.dll
0x00007ffe949c0000 - 0x00007ffe949d9000 	C:\testing course\softwares\eclipse-java-2022-09-R-win32-x86_64\eclipse\plugins\org.eclipse.justj.openjdk.hotspot.jre.full.win32.x86_64_17.0.4.v20220903-1038\jre\bin\VCRUNTIME140.dll
0x00007ffeaa6b0000 - 0x00007ffeaa84d000 	C:\Windows\System32\USER32.dll
0x00007ffea88d0000 - 0x00007ffea88f2000 	C:\Windows\System32\win32u.dll
0x00007ffe951b0000 - 0x00007ffe9544a000 	C:\Windows\WinSxS\amd64_microsoft.windows.common-controls_6595b64144ccf1df_6.0.19041.4355_none_60b8b9eb71f62e16\COMCTL32.dll
0x00007ffeaacb0000 - 0x00007ffeaacdb000 	C:\Windows\System32\GDI32.dll
0x00007ffeaaa90000 - 0x00007ffeaab2e000 	C:\Windows\System32\msvcrt.dll
0x00007ffea8a00000 - 0x00007ffea8b17000 	C:\Windows\System32\gdi32full.dll
0x00007ffea8560000 - 0x00007ffea85fd000 	C:\Windows\System32\msvcp_win.dll
0x00007ffea9b50000 - 0x00007ffea9b7f000 	C:\Windows\System32\IMM32.DLL
0x00007ffe976c0000 - 0x00007ffe976cc000 	C:\testing course\softwares\eclipse-java-2022-09-R-win32-x86_64\eclipse\plugins\org.eclipse.justj.openjdk.hotspot.jre.full.win32.x86_64_17.0.4.v20220903-1038\jre\bin\vcruntime140_1.dll
0x00007ffe8b240000 - 0x00007ffe8b2d1000 	C:\testing course\softwares\eclipse-java-2022-09-R-win32-x86_64\eclipse\plugins\org.eclipse.justj.openjdk.hotspot.jre.full.win32.x86_64_17.0.4.v20220903-1038\jre\bin\msvcp140.dll
0x00007ffe49e00000 - 0x00007ffe4aa46000 	C:\testing course\softwares\eclipse-java-2022-09-R-win32-x86_64\eclipse\plugins\org.eclipse.justj.openjdk.hotspot.jre.full.win32.x86_64_17.0.4.v20220903-1038\jre\bin\server\jvm.dll
0x00007ffeaa600000 - 0x00007ffeaa6b0000 	C:\Windows\System32\ADVAPI32.dll
0x00007ffeaac10000 - 0x00007ffeaacb0000 	C:\Windows\System32\sechost.dll
0x00007ffea9d30000 - 0x00007ffea9e53000 	C:\Windows\System32\RPCRT4.dll
0x00007ffea84a0000 - 0x00007ffea84c7000 	C:\Windows\System32\bcrypt.dll
0x00007ffea9180000 - 0x00007ffea9188000 	C:\Windows\System32\PSAPI.DLL
0x00007ffea4a20000 - 0x00007ffea4a29000 	C:\Windows\SYSTEM32\WSOCK32.dll
0x00007ffe94970000 - 0x00007ffe94997000 	C:\Windows\SYSTEM32\WINMM.dll
0x00007ffea9ec0000 - 0x00007ffea9f2b000 	C:\Windows\System32\WS2_32.dll
0x00007ffe9f1c0000 - 0x00007ffe9f1ca000 	C:\Windows\SYSTEM32\VERSION.dll
0x00007ffea6320000 - 0x00007ffea6332000 	C:\Windows\SYSTEM32\kernel.appcore.dll
0x00007ffe92600000 - 0x00007ffe9260a000 	C:\testing course\softwares\eclipse-java-2022-09-R-win32-x86_64\eclipse\plugins\org.eclipse.justj.openjdk.hotspot.jre.full.win32.x86_64_17.0.4.v20220903-1038\jre\bin\jimage.dll
0x00007ffe9bd20000 - 0x00007ffe9bf04000 	C:\Windows\SYSTEM32\DBGHELP.DLL
0x00007ffe9bce0000 - 0x00007ffe9bd14000 	C:\Windows\SYSTEM32\dbgcore.DLL
0x00007ffea84d0000 - 0x00007ffea8552000 	C:\Windows\System32\bcryptPrimitives.dll
0x00007ffe925d0000 - 0x00007ffe925f5000 	C:\testing course\softwares\eclipse-java-2022-09-R-win32-x86_64\eclipse\plugins\org.eclipse.justj.openjdk.hotspot.jre.full.win32.x86_64_17.0.4.v20220903-1038\jre\bin\java.dll
0x00007ffe924d0000 - 0x00007ffe924e8000 	C:\testing course\softwares\eclipse-java-2022-09-R-win32-x86_64\eclipse\plugins\org.eclipse.justj.openjdk.hotspot.jre.full.win32.x86_64_17.0.4.v20220903-1038\jre\bin\zip.dll
0x00007ffea9190000 - 0x00007ffea98ff000 	C:\Windows\System32\SHELL32.dll
0x00007ffea6520000 - 0x00007ffea6cc3000 	C:\Windows\SYSTEM32\windows.storage.dll
0x00007ffea8e20000 - 0x00007ffea9173000 	C:\Windows\System32\combase.dll
0x00007ffea7ed0000 - 0x00007ffea7efe000 	C:\Windows\SYSTEM32\Wldp.dll
0x00007ffeaa530000 - 0x00007ffeaa5fd000 	C:\Windows\System32\OLEAUT32.dll
0x00007ffeaa8b0000 - 0x00007ffeaa95d000 	C:\Windows\System32\SHCORE.dll
0x00007ffeaa850000 - 0x00007ffeaa8a5000 	C:\Windows\System32\shlwapi.dll
0x00007ffea83d0000 - 0x00007ffea83f4000 	C:\Windows\SYSTEM32\profapi.dll
0x00007ffe924b0000 - 0x00007ffe924c9000 	C:\testing course\softwares\eclipse-java-2022-09-R-win32-x86_64\eclipse\plugins\org.eclipse.justj.openjdk.hotspot.jre.full.win32.x86_64_17.0.4.v20220903-1038\jre\bin\net.dll
0x00007ffe9ee30000 - 0x00007ffe9ef3d000 	C:\Windows\SYSTEM32\WINHTTP.dll
0x00007ffea7bc0000 - 0x00007ffea7c2a000 	C:\Windows\system32\mswsock.dll
0x00007ffe92490000 - 0x00007ffe924a5000 	C:\testing course\softwares\eclipse-java-2022-09-R-win32-x86_64\eclipse\plugins\org.eclipse.justj.openjdk.hotspot.jre.full.win32.x86_64_17.0.4.v20220903-1038\jre\bin\nio.dll

dbghelp: loaded successfully - version: 4.0.5 - missing functions: none
symbol engine: initialized successfully - sym options: 0x614 - pdb path: .;C:\testing course\softwares\eclipse-java-2022-09-R-win32-x86_64\eclipse\plugins\org.eclipse.justj.openjdk.hotspot.jre.full.win32.x86_64_17.0.4.v20220903-1038\jre\bin;C:\Windows\SYSTEM32;C:\Windows\WinSxS\amd64_microsoft.windows.common-controls_6595b64144ccf1df_6.0.19041.4355_none_60b8b9eb71f62e16;C:\testing course\softwares\eclipse-java-2022-09-R-win32-x86_64\eclipse\plugins\org.eclipse.justj.openjdk.hotspot.jre.full.win32.x86_64_17.0.4.v20220903-1038\jre\bin\server

VM Arguments:
jvm_args: -Dfile.encoding=UTF-8 -XX:+ShowCodeDetailsInExceptionMessages 
java_command: lastPractice.SliderPractice
java_class_path (initial): C:\testing course\workspace\Maven1700\target\test-classes;C:\testing course\workspace\Maven1700\target\classes;C:\testing course\softwares\eclipse-java-2022-09-R-win32-x86_64\eclipse\plugins\org.testng_7.10.1.r202404130807.jar;C:\testing course\softwares\eclipse-java-2022-09-R-win32-x86_64\eclipse\plugins\com.beust.jcommander_1.82.0.jar;C:\testing course\softwares\eclipse-java-2022-09-R-win32-x86_64\eclipse\plugins\org.apache-extras.beanshell.bsh_2.0.0.b6.jar;C:\testing course\softwares\eclipse-java-2022-09-R-win32-x86_64\eclipse\plugins\org.yaml.snakeyaml_1.27.0.v20201111-1638.jar;C:\testing course\softwares\eclipse-java-2022-09-R-win32-x86_64\eclipse\plugins\org.webjars.jquery_3.7.1.jar;C:\testing course\softwares\eclipse-java-2022-09-R-win32-x86_64\eclipse\plugins\org.junit_4.13.2.v20211018-1956.jar;C:\testing course\softwares\eclipse-java-2022-09-R-win32-x86_64\eclipse\plugins\org.hamcrest.core_1.3.0.v20180420-1519.jar;C:\Users\Giris\.m2\repository\org\seleniumhq\selenium\selenium-java\4.16.1\selenium-java-4.16.1.jar;C:\Users\Giris\.m2\repository\org\seleniumhq\selenium\selenium-api\4.16.1\selenium-api-4.16.1.jar;C:\Users\Giris\.m2\repository\org\seleniumhq\selenium\selenium-chrome-driver\4.16.1\selenium-chrome-driver-4.16.1.jar;C:\Users\Giris\.m2\repository\com\google\auto\service\auto-service-annotations\1.1.1\auto-service-annotations-1.1.1.jar;C:\Users\Giris\.m2\repository\org\seleniumhq\selenium\selenium-chromium-driver\4.16.1\selenium-chromium-driver-4.16.1.jar;C:\Users\Giris\.m2\repository\org\seleniumhq\selenium\selenium-json\4.16.1\selenium-json-4.16.1.jar;C:\Users\Giris\.m2\repository\org\seleniumhq\selenium\selenium-manager\4.16.1\selenium-manager-4.16.1.jar;C:\Users\Giris\.m2\repository\org\seleniumhq\selenium\selenium-devtools-v118\4.16.1\selenium-devtools-v118-4.16.1.jar;C:\Users\Giris\.m2\repository\org\seleniumhq\selenium\selenium-devtools-v119\4.16.1\selenium-devtools-v119-4.16.1.jar;C:\Users\Giris\.m2\repository\org\
Launcher Type: SUN_STANDARD

[Global flags]
     intx CICompilerCount                          = 3                                         {product} {ergonomic}
     uint ConcGCThreads                            = 1                                         {product} {ergonomic}
     uint G1ConcRefinementThreads                  = 4                                         {product} {ergonomic}
   size_t G1HeapRegionSize                         = 1048576                                   {product} {ergonomic}
    uintx GCDrainStackTargetSize                   = 64                                        {product} {ergonomic}
   size_t InitialHeapSize                          = 100663296                                 {product} {ergonomic}
   size_t MarkStackSize                            = 4194304                                   {product} {ergonomic}
   size_t MaxHeapSize                              = 1583349760                                {product} {ergonomic}
   size_t MaxNewSize                               = 950009856                                 {product} {ergonomic}
   size_t MinHeapDeltaBytes                        = 1048576                                   {product} {ergonomic}
   size_t MinHeapSize                              = 8388608                                   {product} {ergonomic}
    uintx NonNMethodCodeHeapSize                   = 5832780                                {pd product} {ergonomic}
    uintx NonProfiledCodeHeapSize                  = 122912730                              {pd product} {ergonomic}
    uintx ProfiledCodeHeapSize                     = 122912730                              {pd product} {ergonomic}
    uintx ReservedCodeCacheSize                    = 251658240                              {pd product} {ergonomic}
     bool SegmentedCodeCache                       = true                                      {product} {ergonomic}
     bool ShowCodeDetailsInExceptionMessages       = true                                   {manageable} {command line}
   size_t SoftMaxHeapSize                          = 1583349760                             {manageable} {ergonomic}
     bool UseCompressedClassPointers               = true                           {product lp64_product} {ergonomic}
     bool UseCompressedOops                        = true                           {product lp64_product} {ergonomic}
     bool UseG1GC                                  = true                                      {product} {ergonomic}
     bool UseLargePagesIndividualAllocation        = false                                  {pd product} {ergonomic}

Logging:
Log output configuration:
 #0: stdout all=warning uptime,level,tags
 #1: stderr all=off uptime,level,tags

Environment Variables:
PATH=C:/testing course/softwares/eclipse-java-2022-09-R-win32-x86_64/eclipse//plugins/org.eclipse.justj.openjdk.hotspot.jre.full.win32.x86_64_17.0.4.v20220903-1038/jre/bin/server;C:/testing course/softwares/eclipse-java-2022-09-R-win32-x86_64/eclipse//plugins/org.eclipse.justj.openjdk.hotspot.jre.full.win32.x86_64_17.0.4.v20220903-1038/jre/bin;C:\Program Files\Common Files\Oracle\Java\javapath;C:\Windows\system32;C:\Windows;C:\Windows\System32\Wbem;C:\Windows\System32\WindowsPowerShell\v1.0\;C:\Windows\System32\OpenSSH\;C:\apache-maven-3.9.8\bin;C:\Program Files\Google\Chrome\Application;C:\Program Files\Mozilla Firefox\browser;C:\Users\Giris\AppData\Local\Programs\Git\cmd;C:\Users\Giris\AppData\Local\Microsoft\WindowsApps;;C:\testing course\softwares\eclipse-java-2022-09-R-win32-x86_64\eclipse;
USERNAME=Giris
OS=Windows_NT
PROCESSOR_IDENTIFIER=Intel64 Family 6 Model 69 Stepping 1, GenuineIntel
TMP=C:\Users\Giris\AppData\Local\Temp
TEMP=C:\Users\Giris\AppData\Local\Temp



---------------  S Y S T E M  ---------------

OS:
 Windows 10 , 64 bit Build 19041 (10.0.19041.4842)
OS uptime: 0 days 1:58 hours

CPU: total 4 (initial active 4) (2 cores per cpu, 2 threads per core) family 6 model 69 stepping 1 microcode 0x25, cx8, cmov, fxsr, ht, mmx, sse, sse2, sse3, ssse3, sse4.1, sse4.2, popcnt, lzcnt, tsc, tscinvbit, avx, avx2, aes, erms, clmul, bmi1, bmi2, fma, vzeroupper, clflush

Memory: 4k page, system-wide physical 6032M (615M free)
TotalPageFile size 7682M (AvailPageFile size 2M)
current process WorkingSet (physical memory assigned to process): 50M, peak: 50M
current process commit charge ("private bytes"): 170M, peak: 170M

vm_info: OpenJDK 64-Bit Server VM (17.0.4.1+1) for windows-amd64 JRE (17.0.4.1+1), built on Aug 17 2022 07:42:43 by "temurin" with MS VC++ 16.7 (VS2019)

END.
